Событие on_member_update сработало для burgerthingyagpdb
Статус изменился: online → idle
Событие on_member_update сработало для burgerthingyagpdb
Статус изменился: idle → online
burgerthingyagpdb зашел, отправляю сообщение в общее
Событие on_member_update сработало для burgerthingyagpdb
Статус изменился: online → idle
Событие on_member_update сработало для burgerthingyagpdb
Статус изменился: idle → online
burgerthingyagpdb зашел, отправляю сообщение в общее
Событие on_member_update сработало для burgerthingyagpdb
Статус изменился: online → idle
Событие on_member_update сработало для burgerthingyagpdb
Статус изменился: idle → online
burgerthingyagpdb зашел, отправляю сообщение в общее
Событие on_member_update сработало для burgerthingyagpdb
Статус изменился: online → offline
Событие on_member_update сработало для burgerthingyagpdb
Статус изменился: offline → online
burgerthingyagpdb зашел, отправляю сообщение в общее
